2025-10-17 00:07:09.492 [File Watcher] INFO  o.s.b.d.a.LocalDevToolsAutoConfiguration$RestartingClassPathChangeChangedEventListener - Restarting due to 9 class path changes (0 additions, 9 deletions, 0 modifications)
2025-10-17 00:07:09.705 [Thread-5] INFO  o.s.b.w.e.tomcat.GracefulShutdown - Commencing graceful shutdown. Waiting for active requests to complete
2025-10-17 00:07:09.861 [tomcat-shutdown] INFO  o.s.b.w.e.tomcat.GracefulShutdown - Graceful shutdown complete
2025-10-17 00:07:10.425 [restartedMain] INFO  com.api.ApiApplication - Starting ApiApplication using Java 17.0.6 with PID 37031 (/Users/parkh/Dev/git/Project/vibe-pay/api/build/classes/java/main started by parkh in /Users/parkh/Dev/git/Project/vibe-pay)
2025-10-17 00:07:10.425 [restartedMain] INFO  com.api.ApiApplication - The following 1 profile is active: "local"
2025-10-17 00:07:10.943 [restartedMain] DEBUG o.m.s.mapper.ClassPathMapperScanner - Identified candidate component class: file [/Users/parkh/Dev/git/Project/vibe-pay/api/build/classes/java/main/com/vibe/pay/domain/member/repository/MemberMapper.class]
2025-10-17 00:07:11.194 [restartedMain] DEBUG o.m.s.mapper.ClassPathMapperScanner - Identified candidate component class: file [/Users/parkh/Dev/git/Project/vibe-pay/api/build/classes/java/main/com/vibe/pay/domain/order/repository/OrderItemMapper.class]
2025-10-17 00:07:11.322 [restartedMain] DEBUG o.m.s.mapper.ClassPathMapperScanner - Identified candidate component class: file [/Users/parkh/Dev/git/Project/vibe-pay/api/build/classes/java/main/com/vibe/pay/domain/order/repository/OrderMapper.class]
2025-10-17 00:07:11.328 [restartedMain] DEBUG o.m.s.mapper.ClassPathMapperScanner - Identified candidate component class: file [/Users/parkh/Dev/git/Project/vibe-pay/api/build/classes/java/main/com/vibe/pay/domain/payment/repository/PaymentInterfaceRequestLogMapper.class]
2025-10-17 00:07:11.328 [restartedMain] DEBUG o.m.s.mapper.ClassPathMapperScanner - Identified candidate component class: file [/Users/parkh/Dev/git/Project/vibe-pay/api/build/classes/java/main/com/vibe/pay/domain/payment/repository/PaymentMapper.class]
2025-10-17 00:07:11.328 [restartedMain] DEBUG o.m.s.mapper.ClassPathMapperScanner - Identified candidate component class: file [/Users/parkh/Dev/git/Project/vibe-pay/api/build/classes/java/main/com/vibe/pay/domain/pointhistory/repository/PointHistoryMapper.class]
2025-10-17 00:07:11.328 [restartedMain] DEBUG o.m.s.mapper.ClassPathMapperScanner - Identified candidate component class: file [/Users/parkh/Dev/git/Project/vibe-pay/api/build/classes/java/main/com/vibe/pay/domain/product/repository/ProductMapper.class]
2025-10-17 00:07:11.328 [restartedMain] DEBUG o.m.s.mapper.ClassPathMapperScanner - Identified candidate component class: file [/Users/parkh/Dev/git/Project/vibe-pay/api/build/classes/java/main/com/vibe/pay/domain/rewardpoints/repository/RewardPointsMapper.class]
2025-10-17 00:07:11.330 [restartedMain] DEBUG o.m.s.mapper.ClassPathMapperScanner - Creating MapperFactoryBean with name 'memberMapper' and 'com.vibe.pay.domain.member.repository.MemberMapper' mapperInterface
2025-10-17 00:07:11.334 [restartedMain] DEBUG o.m.s.mapper.ClassPathMapperScanner - Creating MapperFactoryBean with name 'orderItemMapper' and 'com.vibe.pay.domain.order.repository.OrderItemMapper' mapperInterface
2025-10-17 00:07:11.336 [restartedMain] DEBUG o.m.s.mapper.ClassPathMapperScanner - Creating MapperFactoryBean with name 'orderMapper' and 'com.vibe.pay.domain.order.repository.OrderMapper' mapperInterface
2025-10-17 00:07:11.336 [restartedMain] DEBUG o.m.s.mapper.ClassPathMapperScanner - Creating MapperFactoryBean with name 'paymentInterfaceRequestLogMapper' and 'com.vibe.pay.domain.payment.repository.PaymentInterfaceRequestLogMapper' mapperInterface
2025-10-17 00:07:11.337 [restartedMain] DEBUG o.m.s.mapper.ClassPathMapperScanner - Creating MapperFactoryBean with name 'paymentMapper' and 'com.vibe.pay.domain.payment.repository.PaymentMapper' mapperInterface
2025-10-17 00:07:11.338 [restartedMain] DEBUG o.m.s.mapper.ClassPathMapperScanner - Creating MapperFactoryBean with name 'pointHistoryMapper' and 'com.vibe.pay.domain.pointhistory.repository.PointHistoryMapper' mapperInterface
2025-10-17 00:07:11.343 [restartedMain] DEBUG o.m.s.mapper.ClassPathMapperScanner - Creating MapperFactoryBean with name 'productMapper' and 'com.vibe.pay.domain.product.repository.ProductMapper' mapperInterface
2025-10-17 00:07:11.345 [restartedMain] DEBUG o.m.s.mapper.ClassPathMapperScanner - Creating MapperFactoryBean with name 'rewardPointsMapper' and 'com.vibe.pay.domain.rewardpoints.repository.RewardPointsMapper' mapperInterface
2025-10-17 00:07:11.599 [restartedMain] INFO  o.s.b.w.e.tomcat.TomcatWebServer - Tomcat initialized with port 8080 (http)
2025-10-17 00:07:11.601 [restartedMain] INFO  o.a.catalina.core.StandardService - Starting service [Tomcat]
2025-10-17 00:07:11.601 [restartedMain] INFO  o.a.catalina.core.StandardEngine - Starting Servlet engine: [Apache Tomcat/10.1.46]
2025-10-17 00:07:11.614 [restartedMain] INFO  o.a.c.c.C.[.[localhost].[/api] - Initializing Spring embedded WebApplicationContext
2025-10-17 00:07:11.614 [restartedMain] INFO  o.s.b.w.s.c.ServletWebServerApplicationContext - Root WebApplicationContext: initialization completed in 1186 ms
2025-10-17 00:07:11.670 [restartedMain] WARN  o.m.spring.SqlSessionFactoryBean - Property 'mapperLocations' was specified but matching resources are not found.
2025-10-17 00:07:11.855 [restartedMain] DEBUG o.s.w.s.m.m.a.RequestMappingHandlerMapping - 31 mappings in 'requestMappingHandlerMapping'
2025-10-17 00:07:11.891 [restartedMain] DEBUG o.s.w.s.h.SimpleUrlHandlerMapping - Patterns [/webjars/**, /**, /swagger-ui*/*swagger-initializer.js, /swagger-ui*/**] in 'resourceHandlerMapping'
2025-10-17 00:07:11.904 [restartedMain] WARN  o.s.b.a.s.s.UserDetailsServiceAutoConfiguration - 

Using generated security password: e0972052-f157-4b54-8bdc-61a3a42e7b9a

This generated password is for development use only. Your security configuration must be updated before running your application in production.

2025-10-17 00:07:11.906 [restartedMain] INFO  o.s.s.c.a.a.c.InitializeUserDetailsBeanManagerConfigurer$InitializeUserDetailsManagerConfigurer - Global AuthenticationManager configured with UserDetailsService bean with name inMemoryUserDetailsManager
2025-10-17 00:07:12.004 [restartedMain] INFO  o.s.v.b.OptionalValidatorFactoryBean - Failed to set up a Bean Validation provider: jakarta.validation.NoProviderFoundException: Unable to create a Configuration, because no Jakarta Bean Validation provider could be found. Add a provider like Hibernate Validator (RI) to your classpath.
2025-10-17 00:07:12.115 [restartedMain] DEBUG o.s.w.s.m.m.a.RequestMappingHandlerAdapter - ControllerAdvice beans: 0 @ModelAttribute, 0 @InitBinder, 1 RequestBodyAdvice, 1 ResponseBodyAdvice
2025-10-17 00:07:12.157 [restartedMain] DEBUG o.s.w.s.m.m.a.ExceptionHandlerExceptionResolver - ControllerAdvice beans: 2 @ExceptionHandler, 1 ResponseBodyAdvice
2025-10-17 00:07:12.224 [restartedMain] INFO  o.s.b.d.a.OptionalLiveReloadServer - LiveReload server is running on port 35729
2025-10-17 00:07:12.263 [restartedMain] INFO  o.s.b.w.e.tomcat.TomcatWebServer - Tomcat started on port 8080 (http) with context path '/api'
2025-10-17 00:07:12.271 [restartedMain] INFO  com.api.ApiApplication - Started ApiApplication in 1.907 seconds (process running for 14443.339)
2025-10-17 00:07:12.273 [restartedMain] INFO  o.s.b.d.a.ConditionEvaluationDeltaLoggingListener - Condition evaluation unchanged
2025-10-17 00:07:13.685 [File Watcher] INFO  o.s.b.d.a.LocalDevToolsAutoConfiguration$RestartingClassPathChangeChangedEventListener - Restarting due to 9 class path changes (9 additions, 0 deletions, 0 modifications)
2025-10-17 00:07:13.698 [Thread-7] INFO  o.s.b.w.e.tomcat.GracefulShutdown - Commencing graceful shutdown. Waiting for active requests to complete
2025-10-17 00:07:13.706 [tomcat-shutdown] INFO  o.s.b.w.e.tomcat.GracefulShutdown - Graceful shutdown complete
2025-10-17 00:07:13.911 [restartedMain] INFO  com.api.ApiApplication - Starting ApiApplication using Java 17.0.6 with PID 37031 (/Users/parkh/Dev/git/Project/vibe-pay/api/build/classes/java/main started by parkh in /Users/parkh/Dev/git/Project/vibe-pay)
2025-10-17 00:07:13.912 [restartedMain] INFO  com.api.ApiApplication - The following 1 profile is active: "local"
2025-10-17 00:07:14.198 [restartedMain] DEBUG o.m.s.mapper.ClassPathMapperScanner - Identified candidate component class: file [/Users/parkh/Dev/git/Project/vibe-pay/api/build/classes/java/main/com/vibe/pay/domain/member/repository/MemberMapper.class]
2025-10-17 00:07:14.198 [restartedMain] DEBUG o.m.s.mapper.ClassPathMapperScanner - Identified candidate component class: file [/Users/parkh/Dev/git/Project/vibe-pay/api/build/classes/java/main/com/vibe/pay/domain/order/repository/OrderItemMapper.class]
2025-10-17 00:07:14.198 [restartedMain] DEBUG o.m.s.mapper.ClassPathMapperScanner - Identified candidate component class: file [/Users/parkh/Dev/git/Project/vibe-pay/api/build/classes/java/main/com/vibe/pay/domain/order/repository/OrderMapper.class]
2025-10-17 00:07:14.198 [restartedMain] DEBUG o.m.s.mapper.ClassPathMapperScanner - Identified candidate component class: file [/Users/parkh/Dev/git/Project/vibe-pay/api/build/classes/java/main/com/vibe/pay/domain/payment/repository/PaymentInterfaceRequestLogMapper.class]
2025-10-17 00:07:14.198 [restartedMain] DEBUG o.m.s.mapper.ClassPathMapperScanner - Identified candidate component class: file [/Users/parkh/Dev/git/Project/vibe-pay/api/build/classes/java/main/com/vibe/pay/domain/payment/repository/PaymentMapper.class]
2025-10-17 00:07:14.198 [restartedMain] DEBUG o.m.s.mapper.ClassPathMapperScanner - Identified candidate component class: file [/Users/parkh/Dev/git/Project/vibe-pay/api/build/classes/java/main/com/vibe/pay/domain/pointhistory/repository/PointHistoryMapper.class]
2025-10-17 00:07:14.198 [restartedMain] DEBUG o.m.s.mapper.ClassPathMapperScanner - Identified candidate component class: file [/Users/parkh/Dev/git/Project/vibe-pay/api/build/classes/java/main/com/vibe/pay/domain/product/repository/ProductMapper.class]
2025-10-17 00:07:14.198 [restartedMain] DEBUG o.m.s.mapper.ClassPathMapperScanner - Identified candidate component class: file [/Users/parkh/Dev/git/Project/vibe-pay/api/build/classes/java/main/com/vibe/pay/domain/rewardpoints/repository/RewardPointsMapper.class]
2025-10-17 00:07:14.198 [restartedMain] DEBUG o.m.s.mapper.ClassPathMapperScanner - Creating MapperFactoryBean with name 'memberMapper' and 'com.vibe.pay.domain.member.repository.MemberMapper' mapperInterface
2025-10-17 00:07:14.199 [restartedMain] DEBUG o.m.s.mapper.ClassPathMapperScanner - Creating MapperFactoryBean with name 'orderItemMapper' and 'com.vibe.pay.domain.order.repository.OrderItemMapper' mapperInterface
2025-10-17 00:07:14.199 [restartedMain] DEBUG o.m.s.mapper.ClassPathMapperScanner - Creating MapperFactoryBean with name 'orderMapper' and 'com.vibe.pay.domain.order.repository.OrderMapper' mapperInterface
2025-10-17 00:07:14.199 [restartedMain] DEBUG o.m.s.mapper.ClassPathMapperScanner - Creating MapperFactoryBean with name 'paymentInterfaceRequestLogMapper' and 'com.vibe.pay.domain.payment.repository.PaymentInterfaceRequestLogMapper' mapperInterface
2025-10-17 00:07:14.200 [restartedMain] DEBUG o.m.s.mapper.ClassPathMapperScanner - Creating MapperFactoryBean with name 'paymentMapper' and 'com.vibe.pay.domain.payment.repository.PaymentMapper' mapperInterface
2025-10-17 00:07:14.200 [restartedMain] DEBUG o.m.s.mapper.ClassPathMapperScanner - Creating MapperFactoryBean with name 'pointHistoryMapper' and 'com.vibe.pay.domain.pointhistory.repository.PointHistoryMapper' mapperInterface
2025-10-17 00:07:14.200 [restartedMain] DEBUG o.m.s.mapper.ClassPathMapperScanner - Creating MapperFactoryBean with name 'productMapper' and 'com.vibe.pay.domain.product.repository.ProductMapper' mapperInterface
2025-10-17 00:07:14.200 [restartedMain] DEBUG o.m.s.mapper.ClassPathMapperScanner - Creating MapperFactoryBean with name 'rewardPointsMapper' and 'com.vibe.pay.domain.rewardpoints.repository.RewardPointsMapper' mapperInterface
2025-10-17 00:07:14.284 [restartedMain] INFO  o.s.b.w.e.tomcat.TomcatWebServer - Tomcat initialized with port 8080 (http)
2025-10-17 00:07:14.285 [restartedMain] INFO  o.a.catalina.core.StandardService - Starting service [Tomcat]
2025-10-17 00:07:14.285 [restartedMain] INFO  o.a.catalina.core.StandardEngine - Starting Servlet engine: [Apache Tomcat/10.1.46]
2025-10-17 00:07:14.293 [restartedMain] INFO  o.a.c.c.C.[.[localhost].[/api] - Initializing Spring embedded WebApplicationContext
2025-10-17 00:07:14.293 [restartedMain] INFO  o.s.b.w.s.c.ServletWebServerApplicationContext - Root WebApplicationContext: initialization completed in 379 ms
2025-10-17 00:07:14.326 [restartedMain] WARN  o.m.spring.SqlSessionFactoryBean - Property 'mapperLocations' was specified but matching resources are not found.
2025-10-17 00:07:14.466 [restartedMain] DEBUG o.s.w.s.m.m.a.RequestMappingHandlerMapping - 31 mappings in 'requestMappingHandlerMapping'
2025-10-17 00:07:14.512 [restartedMain] DEBUG o.s.w.s.h.SimpleUrlHandlerMapping - Patterns [/webjars/**, /**, /swagger-ui*/*swagger-initializer.js, /swagger-ui*/**] in 'resourceHandlerMapping'
2025-10-17 00:07:14.526 [restartedMain] WARN  o.s.b.a.s.s.UserDetailsServiceAutoConfiguration - 

Using generated security password: 92eb575f-4389-4ea0-bac1-2dcb0f55880d

This generated password is for development use only. Your security configuration must be updated before running your application in production.

2025-10-17 00:07:14.528 [restartedMain] INFO  o.s.s.c.a.a.c.InitializeUserDetailsBeanManagerConfigurer$InitializeUserDetailsManagerConfigurer - Global AuthenticationManager configured with UserDetailsService bean with name inMemoryUserDetailsManager
2025-10-17 00:07:14.577 [restartedMain] INFO  o.s.v.b.OptionalValidatorFactoryBean - Failed to set up a Bean Validation provider: jakarta.validation.NoProviderFoundException: Unable to create a Configuration, because no Jakarta Bean Validation provider could be found. Add a provider like Hibernate Validator (RI) to your classpath.
2025-10-17 00:07:14.590 [restartedMain] DEBUG o.s.w.s.m.m.a.RequestMappingHandlerAdapter - ControllerAdvice beans: 0 @ModelAttribute, 0 @InitBinder, 1 RequestBodyAdvice, 1 ResponseBodyAdvice
2025-10-17 00:07:14.609 [restartedMain] DEBUG o.s.w.s.m.m.a.ExceptionHandlerExceptionResolver - ControllerAdvice beans: 2 @ExceptionHandler, 1 ResponseBodyAdvice
2025-10-17 00:07:14.683 [restartedMain] INFO  o.s.b.d.a.OptionalLiveReloadServer - LiveReload server is running on port 35729
2025-10-17 00:07:14.709 [restartedMain] INFO  o.s.b.w.e.tomcat.TomcatWebServer - Tomcat started on port 8080 (http) with context path '/api'
2025-10-17 00:07:14.718 [restartedMain] INFO  com.api.ApiApplication - Started ApiApplication in 0.915 seconds (process running for 14445.787)
2025-10-17 00:07:14.721 [restartedMain] INFO  o.s.b.d.a.ConditionEvaluationDeltaLoggingListener - Condition evaluation unchanged
